<?xml version="1.0" encoding="utf-8"?><testsuites name="pytest tests"><testsuite name="pytest" errors="0" failures="0" skipped="0" tests="6" time="1.089" timestamp="2026-04-26T07:49:24.588152+00:00" hostname="agent-env-06f4b4d0-d324-454e-bcc6-cb19775fb657"><testcase classname="backend.tests.test_plan_trip.TestHealth" name="test_root" time="0.264" /><testcase classname="backend.tests.test_plan_trip.TestPlanTrip" name="test_plan_trip_success_spec" time="0.110" /><testcase classname="backend.tests.test_plan_trip.TestPlanTrip" name="test_plan_trip_end_before_start_returns_400" time="0.142" /><testcase classname="backend.tests.test_plan_trip.TestPlanTrip" name="test_plan_trip_invalid_date_format_returns_400" time="0.112" /><testcase classname="backend.tests.test_plan_trip.TestPlanTrip" name="test_plan_trip_missing_fields_returns_422" time="0.110" /><testcase classname="backend.tests.test_plan_trip.TestPlanTrip" name="test_plan_trip_single_day_trip" time="0.133" /></testsuite></testsuites>